INFO  @ Thu, 17 Oct 2019 10:51:50: Parameters: /home/LOCAL/mageck/bin/mageck test -k escneg.count.txt -t ESC1 -c plasmid -n esccp 
INFO  @ Thu, 17 Oct 2019 10:51:50: Welcome to MAGeCK v0.5.9.2. Command: test 
INFO  @ Thu, 17 Oct 2019 10:51:50: Loading count table from escneg.count.txt  
INFO  @ Thu, 17 Oct 2019 10:51:50: Processing 1 lines.. 
DEBUG @ Thu, 17 Oct 2019 10:51:50: Parsing error in line 1 (usually the header line). Skip this line. 
INFO  @ Thu, 17 Oct 2019 10:51:51: Loaded 87437 records. 
INFO  @ Thu, 17 Oct 2019 10:51:51: Loading R template file: /home/LOCAL/mageck/lib/python3.7/site-packages/mageck/plot_template.RTemplate. 
INFO  @ Thu, 17 Oct 2019 10:51:51: Loading R template file: /home/LOCAL/mageck/lib/python3.7/site-packages/mageck/plot_template_indvgene.RTemplate. 
INFO  @ Thu, 17 Oct 2019 10:51:51: Loading Rnw template file: /home/LOCAL/mageck/lib/python3.7/site-packages/mageck/plot_template.Rnw. 
DEBUG @ Thu, 17 Oct 2019 10:51:51: Setting up the visualization module... 
DEBUG @ Thu, 17 Oct 2019 10:51:51: Given sample labels: ESC1 
DEBUG @ Thu, 17 Oct 2019 10:51:51: Converted index: 1 
INFO  @ Thu, 17 Oct 2019 10:51:51: Treatment samples:ESC1 
INFO  @ Thu, 17 Oct 2019 10:51:51: Treatment sample index:1 
DEBUG @ Thu, 17 Oct 2019 10:51:51: Given sample labels: plasmid 
DEBUG @ Thu, 17 Oct 2019 10:51:51: Converted index: 0 
INFO  @ Thu, 17 Oct 2019 10:51:51: Control samples:plasmid 
INFO  @ Thu, 17 Oct 2019 10:51:51: Control sample index:0 
DEBUG @ Thu, 17 Oct 2019 10:51:52: Initial (total) size factor: 0.9947622122278131 1.0052932374812964 
WARNING @ Thu, 17 Oct 2019 10:51:53: Sample 0 has too many zero-count sgRNAs (0.46681610759747016), and median normalization is unstable. Switch to total read count normalization. 
WARNING @ Thu, 17 Oct 2019 10:51:53: Sample 1 has too many zero-count sgRNAs (0.5148506924985989), and median normalization is unstable. Switch to total read count normalization. 
INFO  @ Thu, 17 Oct 2019 10:51:53: Final size factor: 0.9947622122278131 1.0052932374812964 
INFO  @ Thu, 17 Oct 2019 10:51:55: Detecting outliers from variance estimation.. Avg read count:[0.5026466187406482], Var: [1.9608088920648086] 
INFO  @ Thu, 17 Oct 2019 10:51:55: Skipping 868 sgRNAs from variance calculation because of their extreme high counts (> 4* STD (mean counts) ). 
DEBUG @ Thu, 17 Oct 2019 10:51:56: Adjusted model: 1.2586539277384354	0 
INFO  @ Thu, 17 Oct 2019 10:51:57: Before RRA, 25925 sgRNAs are removed with zero counts in both group(s). 
INFO  @ Thu, 17 Oct 2019 10:51:58: Use qnorm to reversely calculate sgRNA scores ... 
DEBUG @ Thu, 17 Oct 2019 10:52:03: lower test FDR cutoff: 0.21938808687735725 
DEBUG @ Thu, 17 Oct 2019 10:52:04: higher test FDR cutoff: 0.10518272857328652 
INFO  @ Thu, 17 Oct 2019 10:52:04: Running command: RRA -i esccp.plow.txt -o esccp.gene.low.txt -p 0.21938808687735725 --skip-gene NA --skip-gene na  
INFO  @ Thu, 17 Oct 2019 10:52:18: Command message: 
INFO  @ Thu, 17 Oct 2019 10:52:18:   Welcome to RRA v 0.5.9. 
INFO  @ Thu, 17 Oct 2019 10:52:18:   Skipping gene NA for permutation ... 
INFO  @ Thu, 17 Oct 2019 10:52:18:   Skipping gene na for permutation ... 
INFO  @ Thu, 17 Oct 2019 10:52:18:   Reading input file... 
INFO  @ Thu, 17 Oct 2019 10:52:18:   Summary: 61512 sgRNAs, 18900 genes, 1 lists; skipped sgRNAs:0 
INFO  @ Thu, 17 Oct 2019 10:52:18:   Computing lo-values for each group... 
INFO  @ Thu, 17 Oct 2019 10:52:18:   Computing false discovery rate... 
INFO  @ Thu, 17 Oct 2019 10:52:18:   Permuting genes with 1 sgRNAs... 
INFO  @ Thu, 17 Oct 2019 10:52:18:   Permuting genes with 2 sgRNAs... 
INFO  @ Thu, 17 Oct 2019 10:52:18:   Permuting genes with 3 sgRNAs... 
INFO  @ Thu, 17 Oct 2019 10:52:18:   Permuting genes with 4 sgRNAs... 
INFO  @ Thu, 17 Oct 2019 10:52:18:   Permuting genes with 5 sgRNAs... 
INFO  @ Thu, 17 Oct 2019 10:52:18:   Number of genes under FDR adjustment: 18900 
INFO  @ Thu, 17 Oct 2019 10:52:18:   Saving to output file... 
INFO  @ Thu, 17 Oct 2019 10:52:18:   RRA completed. 
INFO  @ Thu, 17 Oct 2019 10:52:18:    
INFO  @ Thu, 17 Oct 2019 10:52:18: End command message. 
INFO  @ Thu, 17 Oct 2019 10:52:18: Running command: RRA -i esccp.phigh.txt -o esccp.gene.high.txt -p 0.10518272857328652 --skip-gene NA --skip-gene na  
INFO  @ Thu, 17 Oct 2019 10:52:32: Command message: 
INFO  @ Thu, 17 Oct 2019 10:52:32:   Welcome to RRA v 0.5.9. 
INFO  @ Thu, 17 Oct 2019 10:52:32:   Skipping gene NA for permutation ... 
INFO  @ Thu, 17 Oct 2019 10:52:32:   Skipping gene na for permutation ... 
INFO  @ Thu, 17 Oct 2019 10:52:32:   Reading input file... 
INFO  @ Thu, 17 Oct 2019 10:52:32:   Summary: 61512 sgRNAs, 18900 genes, 1 lists; skipped sgRNAs:0 
INFO  @ Thu, 17 Oct 2019 10:52:32:   Computing lo-values for each group... 
INFO  @ Thu, 17 Oct 2019 10:52:32:   Computing false discovery rate... 
INFO  @ Thu, 17 Oct 2019 10:52:32:   Permuting genes with 1 sgRNAs... 
INFO  @ Thu, 17 Oct 2019 10:52:32:   Permuting genes with 2 sgRNAs... 
INFO  @ Thu, 17 Oct 2019 10:52:32:   Permuting genes with 3 sgRNAs... 
INFO  @ Thu, 17 Oct 2019 10:52:32:   Permuting genes with 4 sgRNAs... 
INFO  @ Thu, 17 Oct 2019 10:52:32:   Permuting genes with 5 sgRNAs... 
INFO  @ Thu, 17 Oct 2019 10:52:32:   Number of genes under FDR adjustment: 18900 
INFO  @ Thu, 17 Oct 2019 10:52:32:   Saving to output file... 
INFO  @ Thu, 17 Oct 2019 10:52:32:   RRA completed. 
INFO  @ Thu, 17 Oct 2019 10:52:32:    
INFO  @ Thu, 17 Oct 2019 10:52:32: End command message. 
DEBUG @ Thu, 17 Oct 2019 10:52:33: Sorting the merged items by negative selection... 
INFO  @ Thu, 17 Oct 2019 10:52:34: Loading top 10 genes from esccp.gene.low.txt: POT1A,UTP15,GM614,SNRNP200,CCNG1,TBKBP1,IGBP1,PHF12,UGT1A9,ESCO2 
DEBUG @ Thu, 17 Oct 2019 10:52:34: Column index:3 
INFO  @ Thu, 17 Oct 2019 10:52:35: Loading top 10 genes from esccp.gene.high.txt: FNDC4,RNASE11,ARMC4,OLFR917,CCDC108,SCAMP5,SKINT11,OLFR733,RBMS2,SEC23IP 
DEBUG @ Thu, 17 Oct 2019 10:52:35: Column index:9 
INFO  @ Thu, 17 Oct 2019 10:52:40: Running command: rm esccp.plow.txt 
INFO  @ Thu, 17 Oct 2019 10:52:40: Running command: rm esccp.phigh.txt 
INFO  @ Thu, 17 Oct 2019 10:52:40: Running command: rm esccp.gene.low.txt 
INFO  @ Thu, 17 Oct 2019 10:52:41: Running command: rm esccp.gene.high.txt 
WARNING @ Thu, 17 Oct 2019 10:52:41: Warning messages generated during normalization. Please double check with the log file to make sure the normalization process is proper. 
